#
# There is insufficient memory for the Java Runtime Environment to continue.
# Native memory allocation (malloc) failed to allocate 1048576 bytes for AllocateHeap
# Possible reasons:
#   The system is out of physical RAM or swap space
#   In 32 bit mode, the process size limit was hit
# Possible solutions:
#   Reduce memory load on the system
#   Increase physical memory or swap space
#   Check if swap backing store is full
#   Use 64 bit Java on a 64 bit OS
#   Decrease Java heap size (-Xmx/-Xms)
#   Decrease number of Java threads
#   Decrease Java thread stack sizes (-Xss)
#   Set larger code cache with -XX:ReservedCodeCacheSize=
# This output file may be truncated or incomplete.
#
#  Out of Memory Error (memory/allocation.inline.hpp:61), pid=13972, tid=0x0000000000002bac
#
# JRE version:  (8.0_152-b01) (build )
# Java VM: OpenJDK 64-Bit Server VM (25.152-b01 mixed mode windows-amd64 compressed oops)
# Failed to write core dump. Minidumps are not enabled by default on client versions of Windows
#

---------------  T H R E A D  ---------------

Current thread (0x0000000002593000):  JavaThread "Unknown thread" [_thread_in_vm, id=11180, stack(0x0000000002470000,0x0000000002570000)]

Stack: [0x0000000002470000,0x0000000002570000]
[error occurred during error reporting (printing stack bounds), id 0xc0000005]

Native frames: (J=compiled Java code, j=interpreted, Vv=VM code, C=native code)


---------------  P R O C E S S  ---------------

Java Threads: ( => current thread )

Other Threads:

=>0x0000000002593000 (exited) JavaThread "Unknown thread" [_thread_in_vm, id=11180, stack(0x0000000002470000,0x0000000002570000)]

VM state:not at safepoint (normal execution)

VM Mutex/Monitor currently owned by a thread: None

Heap:
 PSYoungGen      total 18432K, used 317K [0x00000000eb580000, 0x00000000eca00000, 0x0000000100000000)
  eden space 15872K, 2% used [0x00000000eb580000,0x00000000eb5cf5d0,0x00000000ec500000)
  from space 2560K, 0% used [0x00000000ec780000,0x00000000ec780000,0x00000000eca00000)
  to   space 2560K, 0% used [0x00000000ec500000,0x00000000ec500000,0x00000000ec780000)
 ParOldGen       total 42496K, used 0K [0x00000000c2000000, 0x00000000c4980000, 0x00000000eb580000)
  object space 42496K, 0% used [0x00000000c2000000,0x00000000c2000000,0x00000000c4980000)
 Metaspace       used 772K, capacity 4480K, committed 4480K, reserved 1056768K
  class space    used 73K, capacity 384K, committed 384K, reserved 1048576K

Card table byte_map: [0x0000000011a60000,0x0000000011c60000] byte_map_base: 0x0000000011450000

Marking Bits: (ParMarkBitMap*) 0x0000000056725aa0
 Begin Bits: [0x00000000121b0000, 0x0000000013130000)
 End Bits:   [0x0000000013130000, 0x00000000140b0000)

Polling page: 0x0000000002570000

CodeCache: size=245760Kb used=328Kb max_used=328Kb free=245431Kb
 bounds [0x00000000026a0000, 0x0000000002910000, 0x00000000116a0000]
 total_blobs=57 nmethods=0 adapters=38
 compilation: enabled

Compilation events (0 events):
No events

GC Heap History (0 events):
No events

Deoptimization events (0 events):
No events

Classes redefined (0 events):
No events

Internal exceptions (0 events):
No events

Events (10 events):
Event: 0.033 loading class java/lang/Short
Event: 0.033 loading class java/lang/Short done
Event: 0.033 loading class java/lang/Integer
Event: 0.033 loading class java/lang/Integer done
Event: 0.033 loading class java/lang/Long
Event: 0.033 loading class java/lang/Long done
Event: 0.034 loading class java/lang/NullPointerException
Event: 0.034 loading class java/lang/NullPointerException done
Event: 0.034 loading class java/lang/ArithmeticException
Event: 0.034 loading class java/lang/ArithmeticException done


Dynamic libraries:
0x00007ff7efdb0000 - 0x00007ff7efde1000 	C:\Program Files\Android\Android Studio\jre\bin\java.exe
0x00007ffe2ab20000 - 0x00007ffe2ad0d000 	C:\Windows\SYSTEM32\ntdll.dll
0x00007ffe2a9b0000 - 0x00007ffe2aa63000 	C:\Windows\System32\KERNEL32.DLL
0x00007ffe27860000 - 0x00007ffe27af5000 	C:\Windows\System32\KERNELBASE.dll
0x00007ffe2a8f0000 - 0x00007ffe2a993000 	C:\Windows\System32\ADVAPI32.dll
0x00007ffe27d40000 - 0x00007ffe27dde000 	C:\Windows\System32\msvcrt.dll
0x00007ffe28bc0000 - 0x00007ffe28c5e000 	C:\Windows\System32\sechost.dll
0x00007ffe2a6b0000 - 0x00007ffe2a7d2000 	C:\Windows\System32\RPCRT4.dll
0x00007ffe28000000 - 0x00007ffe28197000 	C:\Windows\System32\USER32.dll
0x00007ffe26e90000 - 0x00007ffe26eb0000 	C:\Windows\System32\win32u.dll
0x00007ffe28620000 - 0x00007ffe28649000 	C:\Windows\System32\GDI32.dll
0x00007ffe27b00000 - 0x00007ffe27c99000 	C:\Windows\System32\gdi32full.dll
0x00007ffe27ca0000 - 0x00007ffe27d40000 	C:\Windows\System32\msvcp_win.dll
0x00007ffe26d10000 - 0x00007ffe26e0a000 	C:\Windows\System32\ucrtbase.dll
0x00007ffe19550000 - 0x00007ffe197c9000 	C:\Windows\WinSxS\amd64_microsoft.windows.common-controls_6595b64144ccf1df_6.0.17763.1158_none_de722d88534a897f\COMCTL32.dll
0x00007ffe287b0000 - 0x00007ffe28adc000 	C:\Windows\System32\combase.dll
0x00007ffe26c90000 - 0x00007ffe26d0e000 	C:\Windows\System32\bcryptPrimitives.dll
0x00007ffe28da0000 - 0x00007ffe28dce000 	C:\Windows\System32\IMM32.DLL
0x00000000567b0000 - 0x0000000056882000 	C:\Program Files\Android\Android Studio\jre\jre\bin\msvcr100.dll
0x0000000055f60000 - 0x00000000567a1000 	C:\Program Files\Android\Android Studio\jre\jre\bin\server\jvm.dll
0x00007ffe2a4f0000 - 0x00007ffe2a4f8000 	C:\Windows\System32\PSAPI.DLL
0x00007ffe0ab80000 - 0x00007ffe0ab89000 	C:\Windows\SYSTEM32\WSOCK32.dll
0x00007ffe28c60000 - 0x00007ffe28ccd000 	C:\Windows\System32\WS2_32.dll
0x00007ffe24a70000 - 0x00007ffe24a94000 	C:\Windows\SYSTEM32\WINMM.dll
0x00007ffe1b2d0000 - 0x00007ffe1b2da000 	C:\Windows\SYSTEM32\VERSION.dll
0x00007ffe24a40000 - 0x00007ffe24a6d000 	C:\Windows\SYSTEM32\WINMMBASE.dll
0x00007ffe270c0000 - 0x00007ffe2710a000 	C:\Windows\System32\cfgmgr32.dll
0x00007ffe22d90000 - 0x00007ffe22d9f000 	C:\Program Files\Android\Android Studio\jre\jre\bin\verify.dll
0x00007ffe20340000 - 0x00007ffe20369000 	C:\Program Files\Android\Android Studio\jre\jre\bin\java.dll
0x00007ffe1aeb0000 - 0x00007ffe1aec6000 	C:\Program Files\Android\Android Studio\jre\jre\bin\zip.dll

VM Arguments:
jvm_args: -Dorg.gradle.appname=gradlew 
java_command: org.gradle.wrapper.GradleWrapperMain -q -Ptarget-platform=android-arm -Ptarget=C:\Users\Pratyush\Desktop\Vysion\flutterweb\VConf-master\lib\main.dart -Ptrack-widget-creation=true -Pfilesystem-scheme=org-dartlang-root assembleDebug
java_class_path (initial): C:\Users\Pratyush\Desktop\Vysion\flutterweb\VConf-master\android\\gradle\wrapper\gradle-wrapper.jar
Launcher Type: SUN_STANDARD

Environment Variables:
JAVA_HOME=C:\Program Files\Android\Android Studio\jre
CLASSPATH=C:\Users\Pratyush\Desktop\Vysion\flutterweb\VConf-master\android\\gradle\wrapper\gradle-wrapper.jar
PATH=C:\Python27\;C:\Python27\Scripts;C:\Program Files (x86)\Common Files\Oracle\Java\javapath;C:\Program Files (x86)\Intel\Intel(R) Management Engine Components\iCLS\;C:\Program Files\Intel\Intel(R) Management Engine Components\iCLS\;C:\Windows\system32;C:\Windows;C:\Windows\System32\Wbem;C:\Windows\System32\WindowsPowerShell\v1.0\;C:\Windows\System32\OpenSSH\;C:\Program Files (x86)\Intel\Intel(R) Management Engine Components\DAL;C:\Program Files\Intel\Intel(R) Management Engine Components\DAL;C:\Program Files (x86)\Intel\Intel(R) Management Engine Components\IPT;C:\Program Files\Intel\Intel(R) Management Engine Components\IPT;C:\Program Files\Git\cmd;C:\Program Files\Intel\WiFi\bin\;C:\Program Files\Common Files\Intel\WirelessCommon\;C:\Program Files\nodejs\;C:\ProgramData\chocolatey\bin;C:\Program Files\Microsoft SQL Server\120\Tools\Binn\;C:\Users\Pratyush\AppData\Local\Programs\Python\Python38-32\Scripts\;C:\Users\Pratyush\AppData\Local\Programs\Python\Python38-32\;C:\Users\Pratyush\AppData\Local\Microsoft\WindowsApps;C:\Program Files\Intel\WiFi\bin\;C:\Program Files\Common Files\Intel\WirelessCommon\;C:\src\flutter\bin;;C:\Users\Pratyush\AppData\Roaming\npm;C:\Program Files\heroku\bin;C:\Users\Pratyush\AppData\Local\Programs\Microsoft VS Code\bin;C:\src\flutter\bin\mingit\cmd
USERNAME=Pratyush
OS=Windows_NT
PROCESSOR_IDENTIFIER=Intel64 Family 6 Model 142 Stepping 9, GenuineIntel



---------------  S Y S T E M  ---------------

OS: Windows 10.0 , 64 bit Build 17763 (10.0.17763.1158)

CPU:total 4 (initial active 4) (2 cores per cpu, 2 threads per core) family 6 model 142 stepping 9, cmov, cx8, fxsr, mmx, sse, sse2, sse3, ssse3, sse4.1, sse4.2, popcnt, avx, avx2, aes, clmul, erms, 3dnowpref, lzcnt, ht, tsc, tscinvbit, bmi1, bmi2, adx

Memory: 4k page, physical 4057324k(446168k free), swap 16640236k(7584k free)

vm_info: OpenJDK 64-Bit Server VM (25.152-b01) for windows-amd64 JRE (1.8.0_152-release-1343-b01), built by "builder" with MS VC++ 10.0 (VS2010)

time: Thu May 07 01:02:02 2020
elapsed time: 0 seconds (0d 0h 0m 0s)

